c:\users\josia\documents\uni stuff\cs\24 25\advanced programing\smarthomesystem\homesmartsystem\x64\debug\vc143.pdb
c:\users\josia\documents\uni stuff\cs\24 25\advanced programing\smarthomesystem\homesmartsystem\x64\debug\vc143.idb
c:\users\josia\documents\uni stuff\cs\24 25\advanced programing\smarthomesystem\homesmartsystem\x64\debug\sleepdevice.obj
c:\users\josia\documents\uni stuff\cs\24 25\advanced programing\smarthomesystem\homesmartsystem\x64\debug\main.obj
c:\users\josia\documents\uni stuff\cs\24 25\advanced programing\smarthomesystem\homesmartsystem\x64\debug\light.obj
c:\users\josia\documents\uni stuff\cs\24 25\advanced programing\smarthomesystem\homesmartsystem\x64\debug\homesystemfunctions.obj
c:\users\josia\documents\uni stuff\cs\24 25\advanced programing\smarthomesystem\homesmartsystem\x64\debug\homedevice.obj
c:\users\josia\documents\uni stuff\cs\24 25\advanced programing\smarthomesystem\homesmartsystem\x64\debug\homesystem.obj
c:\users\josia\documents\uni stuff\cs\24 25\advanced programing\smarthomesystem\homesmartsystem\x64\debug\temphumidsensor.obj
c:\users\josia\documents\uni stuff\cs\24 25\advanced programing\smarthomesystem\homesmartsystem\x64\debug\schedule.obj
c:\users\josia\documents\uni stuff\cs\24 25\advanced programing\smarthomesystem\homesmartsystem\x64\debug\commonfunctions.obj
c:\users\josia\documents\uni stuff\cs\24 25\advanced programing\smarthomesystem\x64\debug\homesmartsystem.exe
c:\users\josia\documents\uni stuff\cs\24 25\advanced programing\smarthomesystem\x64\debug\homesmartsystem.pdb
c:\users\josia\documents\uni stuff\cs\24 25\advanced programing\smarthomesystem\homesmartsystem\x64\debug\homesmartsystem.ilk
c:\users\josia\documents\uni stuff\cs\24 25\advanced programing\smarthomesystem\homesmartsystem\x64\debug\homesmartsystem.tlog\cl.command.1.tlog
c:\users\josia\documents\uni stuff\cs\24 25\advanced programing\smarthomesystem\homesmartsystem\x64\debug\homesmartsystem.tlog\cl.items.tlog
c:\users\josia\documents\uni stuff\cs\24 25\advanced programing\smarthomesystem\homesmartsystem\x64\debug\homesmartsystem.tlog\cl.read.1.tlog
c:\users\josia\documents\uni stuff\cs\24 25\advanced programing\smarthomesystem\homesmartsystem\x64\debug\homesmartsystem.tlog\cl.write.1.tlog
c:\users\josia\documents\uni stuff\cs\24 25\advanced programing\smarthomesystem\homesmartsystem\x64\debug\homesmartsystem.tlog\link.command.1.tlog
c:\users\josia\documents\uni stuff\cs\24 25\advanced programing\smarthomesystem\homesmartsystem\x64\debug\homesmartsystem.tlog\link.read.1.tlog
c:\users\josia\documents\uni stuff\cs\24 25\advanced programing\smarthomesystem\homesmartsystem\x64\debug\homesmartsystem.tlog\link.secondary.1.tlog
c:\users\josia\documents\uni stuff\cs\24 25\advanced programing\smarthomesystem\homesmartsystem\x64\debug\homesmartsystem.tlog\link.write.1.tlog
